
1460970560760360421 1460970560760362699 1460970560760367256
1460970560760518449 1460970560760520709 1460970560760525199 1460970560760535184
1460970560761656236 1460970560761658528 1460970560761663108 1460970560761672298
1460970560761682006 1460970560761682793 1460970560761685113 1460970560761690748
1460970560761790626 1460970560761792914 1460970560761797496 1460970560761806619
1460970560761965569 1460970560761967869 1460970560761972406 1460970560761983671
1460970560761981644 1460970560761982629 1460970560761985186 1460970560761991364
1460970560761989949 1460970560761990669 1460970560761992924 1460970560761997491
1460970560762005816 1460970560762006506 1460970560762008814 1460970560762013684
1460970560762024889 1460970560762025659 1460970560762027964 1460970560762031671
1460970560762128954 1460970560762131247 1460970560762135742 1460970560762145002
1460970560762153932 1460970560762154679 1460970560762157144 1460970560762164052
1460970562218155448 1460970562218157700 1460970562218162185 1460970562218172945
1460970562218369351 1460970562218371648 1460970562218376213 1460970562218387263
1460970562783661404 1460970562783663629 1460970562783668137 1460970562783678869
1460970562783834257 1460970562783836540 1460970562783841052 1460970562783852130
1460970563048858643 1460970563048860875 1460970563048865350 1460970563048875985
1460970563049062445 1460970563049064723 1460970563049069275 1460970563049080196
1460970564258891124 1460970564258893364 1460970564258897839 1460970564258908517
1460970564259093502 1460970564259095780 1460970564259100345 1460970564259111282
1460970564341960408 1460970564341962643 1460970564341967191 1460970564341977923
1460970564342174288 1460970564342176583 1460970564342181133 1460970564342192184
1460970564762428036 1460970564762430341 1460970564762434886
