
1461160244151913737 1461160244151916087 1461160244151920649
1461160244152075270 1461160244152077542 1461160244152082095 1461160244152092112
1461160244152120147 1461160244152121387 1461160244152124167 1461160244152129765
1461160244152172945 1461160244152174662 1461160244152177818 1461160244152188106
1461160244152416403 1461160244152418572 1461160244152422791 1461160244152432582
1461160244152604886 1461160244152607078 1461160244152611238 1461160244152620820
1461160244152643059 1461160244152644248 1461160244152647169 1461160244152652650
1461160244152800638 1461160244152802798 1461160244152807005 1461160244152816648
1461160244152998058 1461160244153000220 1461160244153004489 1461160244153013944
1461160244153182778 1461160244153184927 1461160244153189181 1461160244153197613
1461160244153546405 1461160244153548077 1461160244153551357 1461160244153557997
1461160244153563030 1461160244153563561 1461160244153565537 1461160244153569657
1461160244153735366 1461160244153737016 1461160244153740124 1461160244153747456
1461160244154603370 1461160244154604824 1461160244154607752 1461160244154614684
1461160244155499695 1461160244155501258 1461160244155504313 1461160244155512423
1461160246548871984 1461160246548874279 1461160246548878749 1461160246548889459
1461160246549192064 1461160246549194352 1461160246549198779 1461160246549207967
1461160246549234037 1461160246549235170 1461160246549237807 1461160246549242617
1461160246549386315 1461160246549388662 1461160246549393142 1461160246549404167
1461160247189871416 1461160247189873711 1461160247189878144 1461160247189888909
1461160247190177102 1461160247190179429 1461160247190183867 1461160247190193097
1461160247190219424 1461160247190220534 1461160247190223214 1461160247190227917
1461160247190373869 1461160247190376217 1461160247190380689 1461160247190391352
1461160247374645367 1461160247374647694 1461160247374652139 1461160247374663294
1461160247374920162 1461160247374922472 1461160247374926865 1461160247374936050
1461160247374947877 1461160247374948755 1461160247374951110 1461160247374956707
1461160247375186348 1461160247375188673 1461160247375193138 1461160247375204198
1461160247961462913 1461160247961465208 1461160247961469663 1461160247961480453
1461160247961744033 1461160247961745971 1461160247961749871 1461160247961757261
1461160247961780921 1461160247961782248 1461160247961785331 1461160247961790908
1461160247961961204 1461160247961962709 1461160247961965719 1461160247961973706
1461160249155721454 1461160249155723787 1461160249155728254
