
1461335982858857839 1461335982858858632 1461335982858865482
1461335982859041621 1461335982859042968 1461335982859046386 1461335982859050451
1461335982859073443 1461335982859074282 1461335982859076709 1461335982859105495
1461335982859147722 1461335982859148085 1461335982859150532 1461335982859154303
1461335982859184043 1461335982859184892 1461335982859187682 1461335982859193582
1461335982859385597 1461335982859386052 1461335982859390052 1461335982859395863
1461335982859496315 1461335982859496642 1461335982859498751 1461335982859502596
1461335982859646394 1461335982859646755 1461335982859649845 1461335982859653766
1461335982859672985 1461335982859673425 1461335982859675343 1461335982859679215
1461335982859713019 1461335982859713314 1461335982859716709 1461335982859720278
1461335982859952954 1461335982859953286 1461335982859956098 1461335982859960444
1461335982859970746 1461335982859972032 1461335982859973632 1461335982859977549
1461335982860720886 1461335982860721216 1461335982860724282 1461335982860728584
1461335982860768898 1461335982860769378 1461335982860771554 1461335982860775017
1461335982860812424 1461335982860813203 1461335982860815974 1461335982860820849
1461335982860887162 1461335982860887987 1461335982860890900 1461335982860896882
1461335982861062715 1461335982861063164 1461335982861065625 1461335982861078859
1461335982861080981 1461335982861081436 1461335982861084175 1461335982861089495
1461335982861281697 1461335982861282050 1461335982861284924 1461335982861288205
1461335982861628298 1461335982861628810 1461335982861631391 1461335982861635738
1461335982861694812 1461335982861695292 1461335982861698716 1461335982861703855
1461335982861725655 1461335982861726157 1461335982861728301 1461335982861732906
1461335982862423905 1461335982862424709 1461335982862428145 1461335982862432049
1461335982863215546 1461335982863216815 1461335982863219505 1461335982863225457
1461335985256510861 1461335985256511547 1461335985256517701 1461335985256523345
1461335985256875369 1461335985256875894 1461335985256878544 1461335985256882540
1461335985257114543 1461335985257115116 1461335985257118072 1461335985257121572
1461335985257139338 1461335985257139713 1461335985257141353 1461335985257144767
1461335985257415191 1461335985257415479 1461335985257419179 1461335985257422541
1461335985897591610 1461335985897591968 1461335985897597398 1461335985897603497
1461335985898095725 1461335985898096714 1461335985898099535 1461335985898106229
1461335985898296431 1461335985898296962 1461335985898299737 1461335985898303608
1461335986082330986 1461335986082331591 1461335986082336241 1461335986082340504
1461335986082874737 1461335986082875129 1461335986082878501 1461335986082885421
1461335986083088827 1461335986083089397 1461335986083092154 1461335986083096655
1461335986669148812 1461335986669149495 1461335986669155883 1461335986669161467
1461335986669587289 1461335986669588427 1461335986669591924 1461335986669598792
1461335986669892446 1461335986669893299 1461335986669896422 1461335986669902757
1461335987863405929 1461335987863406357 1461335987863412342
