
1461160396547650871 1461160396547651324 1461160396547656535
1461160396547906971 1461160396547907212 1461160396547909288 1461160396547911639
1461160396547945194 1461160396547945793 1461160396547947752 1461160396547950643
1461160396548005314 1461160396548005537 1461160396548007171 1461160396548009521
1461160396548084605 1461160396548084887 1461160396548086701 1461160396548089266
1461160396548287687 1461160396548287930 1461160396548289822 1461160396548292471
1461160396548550834 1461160396548551327 1461160396548553803 1461160396548557313
1461160396548591350 1461160396548591618 1461160396548593322 1461160396548595542
1461160396548632842 1461160396548633452 1461160396548635381 1461160396548637967
1461160396548648014 1461160396548648334 1461160396548649747 1461160396548651759
1461160396548826532 1461160396548826773 1461160396548828638 1461160396548830860
1461160396548970997 1461160396548971235 1461160396548973011 1461160396548975226
1461160396550083625 1461160396550084105 1461160396550086404 1461160396550089089
1461160396550139534 1461160396550139792 1461160396550141439 1461160396550143718
1461160396550182996 1461160396550183567 1461160396550185423 1461160396550188088
1461160396550392485 1461160396550392731 1461160396550394654 1461160396550397127
1461160396550400306 1461160396550400620 1461160396550401946 1461160396550409284
1461160396551393582 1461160396551393877 1461160396551395969 1461160396551398570
1461160396552863522 1461160396552863798 1461160396552865905 1461160396552868453
1461160398946201921 1461160398946202173 1461160398946206986 1461160398946210184
1461160398946640112 1461160398946640843 1461160398946643244 1461160398946646673
1461160398946688086 1461160398946688441 1461160398946690263 1461160398946693446
1461160398946839695 1461160398946840017 1461160398946841926 1461160398946844186
1461160398946889725 1461160398946890114 1461160398946891752 1461160398946893925
1461160398946900976 1461160398946901287 1461160398946902722 1461160398946904971
1461160399587252093 1461160399587252374 1461160399587256979 1461160399587259924
1461160399587635643 1461160399587636107 1461160399587638637 1461160399587642604
1461160399587735826 1461160399587736538 1461160399587738657 1461160399587741226
1461160399587890015 1461160399587890261 1461160399587892166 1461160399587894266
1461160399588075361 1461160399588075678 1461160399588077525 1461160399588080481
1461160399771979939 1461160399771980238 1461160399771984186 1461160399771987012
1461160399772366705 1461160399772367230 1461160399772369343 1461160399772372093
1461160399772464989 1461160399772465581 1461160399772467588 1461160399772470736
1461160400358818599 1461160400358818971 1461160400358824044 1461160400358827369
1461160400359309835 1461160400359310241 1461160400359312606 1461160400359315627
1461160400359559378 1461160400359559673 1461160400359561685 1461160400359564098
1461160401553155879 1461160401553156380 1461160401553161804
