
1461342866920757213 1461342866920757993 1461342866920763776
1461342866920950950 1461342866920951656 1461342866920954386 1461342866920961145
1461342866921006715 1461342866921007579 1461342866921010852 1461342866921017496
1461342866921066294 1461342866921066630 1461342866921068865 1461342866921072754
1461342866921263029 1461342866921264104 1461342866921266544 1461342866921271129
1461342866921303765 1461342866921304260 1461342866921306414 1461342866921310817
1461342866921335717 1461342866921336358 1461342866921338782 1461342866921342302
1461342866921584607 1461342866921585037 1461342866921587676 1461342866921592506
1461342866921714557 1461342866921714895 1461342866921717786 1461342866921721565
1461342866921779584 1461342866921779976 1461342866921782212 1461342866921786714
1461342866922017749 1461342866922018327 1461342866922021097 1461342866922024790
1461342866922157909 1461342866922158203 1461342866922161547 1461342866922166339
1461342866922169089 1461342866922169482 1461342866922171202 1461342866922173887
1461342866922179829 1461342866922180201 1461342866922182211 1461342866922186026
1461342866922195546 1461342866922196038 1461342866922198309 1461342866922201787
1461342866922273196 1461342866922273703 1461342866922276167 1461342866922298230
1461342866922465279 1461342866922466207 1461342866922468711 1461342866922471857
1461342866922663855 1461342866922664273 1461342866922668090 1461342866922672718
1461342866923041718 1461342866923042310 1461342866923045280 1461342866923049786
1461342866923762421 1461342866923763440 1461342866923766478 1461342866923772896
1461342869317085377 1461342869317085977 1461342869317092043 1461342869317097464
1461342869317447194 1461342869317447554 1461342869317450020 1461342869317453291
1461342869317484502 1461342869317485525 1461342869317488104 1461342869317492174
1461342869317671720 1461342869317672299 1461342869317675333 1461342869317680330
1461342869317748640 1461342869317749573 1461342869317752505 1461342869317759838
1461342869958094173 1461342869958094874 1461342869958100740 1461342869958107465
1461342869958445539 1461342869958445826 1461342869958449679 1461342869958453617
1461342869958635584 1461342869958635985 1461342869958639478 1461342869958643736
1461342869958839113 1461342869958839549 1461342869958843798 1461342869958847308
1461342870142871600 1461342870142872827 1461342870142878177 1461342870142883254
1461342870143253753 1461342870143254057 1461342870143257475 1461342870143262405
1461342870143397201 1461342870143398013 1461342870143401129 1461342870143406123
1461342870182929766 1461342870182930532 1461342870182936191 1461342870182942536
1461342870729663103 1461342870729663989 1461342870729669484 1461342870729675664
1461342870730011572 1461342870730012377 1461342870730015285 1461342870730020809
1461342870730049866 1461342870730050243 1461342870730052398 1461342870730055840
1461342870730120230 1461342870730121329 1461342870730123955 1461342870730129226
1461342870730219834 1461342870730220728 1461342870730223729 1461342870730230077
1461342871924043917 1461342871924044392 1461342871924049587
